<?xml version="1.0" encoding="UTF-8"?>
<!-- Generated by org.testng.reporters.JUnitXMLReporter -->
<testsuite ignored="0" hostname="Admin-PC" failures="0" tests="3" name="Default test" time="128.494" errors="0" timestamp="2021-12-09T10:02:31 IST">
  <testcase classname="com.softwaretesting.STQA_sce_project.App" name="doSetUp" time="4.984"/>
  <testcase classname="com.softwaretesting.STQA_sce_project.App" name="openBrowser" time="11.104"/>
  <testcase classname="com.softwaretesting.STQA_sce_project.App" name="giveInfo" time="106.728"/>
</testsuite> <!-- Default test -->
