<?xml version="1.0" encoding="UTF-8"?>
<!-- Generated by org.testng.reporters.JUnitXMLReporter -->
<testsuite ignored="0" hostname="Admin-PC" failures="0" tests="3" name="Test" time="146.135" errors="0" timestamp="2021-12-03T16:50:51 IST">
  <testcase classname="com.softwaretesting.STQA_sce_project.App" name="doSetUp" time="1.928"/>
  <testcase classname="com.softwaretesting.STQA_sce_project.App" name="openBrowser" time="37.305"/>
  <testcase classname="com.softwaretesting.STQA_sce_project.App" name="giveInfo" time="106.274"/>
</testsuite> <!-- Test -->
