<?xml version="1.0" encoding="UTF-8"?>
<testng-results ignored="0" total="3" passed="3" failed="0" skipped="0">
  <reporter-output>
  </reporter-output>
  <suite started-at="2021-12-09T10:00:23 IST" name="Default suite" finished-at="2021-12-09T10:02:31 IST" duration-ms="128494">
    <groups>
    </groups>
    <test started-at="2021-12-09T10:00:23 IST" name="Default test" finished-at="2021-12-09T10:02:31 IST" duration-ms="128494">
      <class name="com.softwaretesting.STQA_sce_project.App">
        <test-method signature="doSetUp()[pri:1, instance:com.softwaretesting.STQA_sce_project.App@2118cddf]" started-at="2021-12-09T10:00:23 IST" name="doSetUp" finished-at="2021-12-09T10:00:28 IST" duration-ms="4984" status="PASS">
          <reporter-output>
          </reporter-output>
        </test-method> <!-- doSetUp -->
        <test-method signature="openBrowser()[pri:2, instance:com.softwaretesting.STQA_sce_project.App@2118cddf]" started-at="2021-12-09T10:00:28 IST" name="openBrowser" finished-at="2021-12-09T10:00:39 IST" duration-ms="11104" status="PASS">
          <reporter-output>
          </reporter-output>
        </test-method> <!-- openBrowser -->
        <test-method signature="giveInfo()[pri:3, instance:com.softwaretesting.STQA_sce_project.App@2118cddf]" started-at="2021-12-09T10:00:39 IST" name="giveInfo" finished-at="2021-12-09T10:02:25 IST" duration-ms="106728" status="PASS">
          <reporter-output>
          </reporter-output>
        </test-method> <!-- giveInfo -->
        <test-method is-config="true" signature="QuitBrowser()[pri:0, instance:com.softwaretesting.STQA_sce_project.App@2118cddf]" started-at="2021-12-09T10:02:25 IST" name="QuitBrowser" finished-at="2021-12-09T10:02:31 IST" duration-ms="5625" status="PASS">
          <reporter-output>
          </reporter-output>
        </test-method> <!-- QuitBrowser -->
      </class> <!-- com.softwaretesting.STQA_sce_project.App -->
    </test> <!-- Default test -->
  </suite> <!-- Default suite -->
</testng-results>
